<?xml version="1.0" encoding="UTF-8"?>
<!-- Generated by org.testng.reporters.JUnitReportReporter -->
<testsuite hostname="DESKTOP-B84CNJ3" name="testCases.FirstTestCase" tests="1" failures="0" timestamp="23 Aug 2019 05:12:17 GMT" time="9.909" errors="0">
  <testcase name="chatPostMessageTestCases" time="9.909" classname="testCases.FirstTestCase"/>
</testsuite> <!-- testCases.FirstTestCase -->
